<?xml version="1.0" encoding="UTF-8"?>
<Site BuildName="(empty)"
	BuildStamp="20250923-0534-Experimental"
	Name="ubuntu22"
	Generator="ctest-3.22.1"
	CompilerName="/usr/bin/g++"
	CompilerVersion="11.4.0"
	OSName="Linux"
	Hostname="ubuntu22"
	OSRelease="6.8.0-83-generic"
	OSVersion="#83~22.04.1-Ubuntu SMP PREEMPT_DYNAMIC Tue Sep  9 18:19:47 UTC 2"
	OSPlatform="x86_64"
	Is64Bits="1"
	VendorString="AuthenticAMD"
	VendorID="Advanced Micro Devices"
	FamilyID="25"
	ModelID="33"
	ProcessorCacheSize="512"
	NumberOfLogicalCPU="16"
	NumberOfPhysicalCPU="8"
	TotalVirtualMemory="15624"
	TotalPhysicalMemory="32008"
	LogicalProcessorsPerPhysical="2"
	ProcessorClockFrequency="4641.51"
	>
	<Testing>
		<StartDateTime>Sep 23 13:34 CST</StartDateTime>
		<StartTestTime>1758605682</StartTestTime>
		<TestList/>
		<EndDateTime>Sep 23 13:34 CST</EndDateTime>
		<EndTestTime>1758605682</EndTestTime>
		<ElapsedMinutes>0</ElapsedMinutes>
	</Testing>
</Site>
